0 info it worked if it ends with ok
1 verbose cli [ '/Users/annaguidi/.nvm/versions/node/v6.2.1/bin/node',
1 verbose cli   '/Users/annaguidi/.nvm/versions/node/v6.2.1/bin/npm',
1 verbose cli   'start' ]
2 info using npm@3.9.3
3 info using node@v6.2.1
4 verbose run-script [ 'prestart', 'start', 'poststart' ]
5 info lifecycle harvest-box@0.0.0~prestart: harvest-box@0.0.0
6 silly lifecycle harvest-box@0.0.0~prestart: no script for prestart, continuing
7 info lifecycle harvest-box@0.0.0~start: harvest-box@0.0.0
8 verbose lifecycle harvest-box@0.0.0~start: unsafe-perm in lifecycle true
9 verbose lifecycle harvest-box@0.0.0~start: PATH: /Users/annaguidi/.nvm/versions/node/v6.2.1/lib/node_modules/npm/bin/node-gyp-bin:/Users/annaguidi/Desktop/HarvestBox/HarvestBox/harvest_box/node_modules/.bin:/Users/annaguidi/.nvm/versions/node/v6.2.1/bin:/Users/annaguidi/.gem/ruby/2.2.3/bin:/Users/annaguidi/.rubies/ruby-2.2.3/lib/ruby/gems/2.2.0/bin:/Users/annaguidi/.rubies/ruby-2.2.3/bin:/Users/annaguidi/.rvm/gems/ruby-2.3.0/bin:/Users/annaguidi/.rvm/gems/ruby-2.3.0@global/bin:/Users/annaguidi/.rvm/rubies/ruby-2.3.0/bin:/Users/annaguidi/.nvm/versions/node/v6.2.1/bin:/usr/local/bin:/usr/local/bin:/usr/bin:/bin:/usr/sbin:/sbin:/Applications/Postgres.app/Contents/Versions/9.4/bin:/Users/annaguidi/.rvm/bin
10 verbose lifecycle harvest-box@0.0.0~start: CWD: /Users/annaguidi/Desktop/HarvestBox/HarvestBox/harvest_box
11 silly lifecycle harvest-box@0.0.0~start: Args: [ '-c', 'node ./bin/www' ]
12 silly lifecycle harvest-box@0.0.0~start: Returned: code: 1  signal: null
13 info lifecycle harvest-box@0.0.0~start: Failed to exec start script
14 verbose stack Error: harvest-box@0.0.0 start: `node ./bin/www`
14 verbose stack Exit status 1
14 verbose stack     at EventEmitter.<anonymous> (/Users/annaguidi/.nvm/versions/node/v6.2.1/lib/node_modules/npm/lib/utils/lifecycle.js:245:16)
14 verbose stack     at emitTwo (events.js:106:13)
14 verbose stack     at EventEmitter.emit (events.js:191:7)
14 verbose stack     at ChildProcess.<anonymous> (/Users/annaguidi/.nvm/versions/node/v6.2.1/lib/node_modules/npm/lib/utils/spawn.js:24:14)
14 verbose stack     at emitTwo (events.js:106:13)
14 verbose stack     at ChildProcess.emit (events.js:191:7)
14 verbose stack     at maybeClose (internal/child_process.js:852:16)
14 verbose stack     at Process.ChildProcess._handle.onexit (internal/child_process.js:215:5)
15 verbose pkgid harvest-box@0.0.0
16 verbose cwd /Users/annaguidi/Desktop/HarvestBox/HarvestBox/harvest_box
17 error Darwin 15.6.0
18 error argv "/Users/annaguidi/.nvm/versions/node/v6.2.1/bin/node" "/Users/annaguidi/.nvm/versions/node/v6.2.1/bin/npm" "start"
19 error node v6.2.1
20 error npm  v3.9.3
21 error code ELIFECYCLE
22 error harvest-box@0.0.0 start: `node ./bin/www`
22 error Exit status 1
23 error Failed at the harvest-box@0.0.0 start script 'node ./bin/www'.
23 error Make sure you have the latest version of node.js and npm installed.
23 error If you do, this is most likely a problem with the harvest-box package,
23 error not with npm itself.
23 error Tell the author that this fails on your system:
23 error     node ./bin/www
23 error You can get information on how to open an issue for this project with:
23 error     npm bugs harvest-box
23 error Or if that isn't available, you can get their info via:
23 error     npm owner ls harvest-box
23 error There is likely additional logging output above.
24 verbose exit [ 1, true ]
